<?xml version="1.0" encoding="UTF-8"?>
<testng-results ignored="0" total="1" passed="1" failed="0" skipped="0">
  <reporter-output>
    <line>
      <![CDATA[Validation Successfull]]>
    </line>
  </reporter-output>
  <suite started-at="2022-09-20T16:05:16 IST" name="Default suite" finished-at="2022-09-20T16:06:45 IST" duration-ms="88642">
    <groups>
    </groups>
    <test started-at="2022-09-20T16:05:16 IST" name="Default test" finished-at="2022-09-20T16:06:45 IST" duration-ms="88642">
      <class name="org.flipkart.AddGoods.ProductCart">
        <test-method is-config="true" signature="suiteSetup()[pri:0, instance:org.flipkart.AddGoods.ProductCart@71ba6d4e]" started-at="2022-09-20T16:05:16 IST" name="suiteSetup" finished-at="2022-09-20T16:05:16 IST" duration-ms="20" status="PASS">
          <reporter-output>
          </reporter-output>
        </test-method> <!-- suiteSetup -->
        <test-method is-config="true" signature="classSetup()[pri:0, instance:org.flipkart.AddGoods.ProductCart@71ba6d4e]" started-at="2022-09-20T16:05:16 IST" name="classSetup" finished-at="2022-09-20T16:06:32 IST" duration-ms="76030" status="PASS">
          <reporter-output>
          </reporter-output>
        </test-method> <!-- classSetup -->
        <test-method is-config="true" signature="methodSetup()[pri:0, instance:org.flipkart.AddGoods.ProductCart@71ba6d4e]" started-at="2022-09-20T16:06:33 IST" name="methodSetup" finished-at="2022-09-20T16:06:33 IST" duration-ms="145" status="PASS">
          <reporter-output>
          </reporter-output>
        </test-method> <!-- methodSetup -->
        <test-method signature="addProductCart()[pri:0, instance:org.flipkart.AddGoods.ProductCart@71ba6d4e]" started-at="2022-09-20T16:06:33 IST" name="addProductCart" finished-at="2022-09-20T16:06:45 IST" duration-ms="11962" status="PASS">
          <reporter-output>
            <line>
              <![CDATA[Validation Successfull]]>
            </line>
          </reporter-output>
        </test-method> <!-- addProductCart -->
        <test-method is-config="true" signature="methodTearDown()[pri:0, instance:org.flipkart.AddGoods.ProductCart@71ba6d4e]" started-at="2022-09-20T16:06:45 IST" name="methodTearDown" finished-at="2022-09-20T16:06:45 IST" duration-ms="1" status="PASS">
          <reporter-output>
          </reporter-output>
        </test-method> <!-- methodTearDown -->
        <test-method is-config="true" signature="classTearDown()[pri:0, instance:org.flipkart.AddGoods.ProductCart@71ba6d4e]" started-at="2022-09-20T16:06:45 IST" name="classTearDown" finished-at="2022-09-20T16:06:45 IST" duration-ms="422" status="PASS">
          <reporter-output>
          </reporter-output>
        </test-method> <!-- classTearDown -->
      </class> <!-- org.flipkart.AddGoods.ProductCart -->
    </test> <!-- Default test -->
  </suite> <!-- Default suite -->
</testng-results>
